# JRE version: Java(TM) SE Runtime Environment (8.0_202-b08) (build 1.8.0_202-b08)
# Java VM: Java HotSpot(TM) 64-Bit Server VM (25.202-b08 mixed mode windows-amd64 compressed oops)
Heap:
 PSYoungGen      total 164352K, used 106746K [0x00000000d5580000, 0x00000000e1580000, 0x0000000100000000)
  eden space 144896K, 73% used [0x00000000d5580000,0x00000000dbdbe968,0x00000000de300000)
  from space 19456K, 0% used [0x00000000df700000,0x00000000df700000,0x00000000e0a00000)
  to   space 20480K, 0% used [0x00000000de300000,0x00000000de300000,0x00000000df700000)
 ParOldGen       total 83968K, used 41526K [0x0000000080000000, 0x0000000085200000, 0x00000000d5580000)
  object space 83968K, 49% used [0x0000000080000000,0x000000008288d910,0x0000000085200000)
 Metaspace       used 61918K, capacity 64708K, committed 64984K, reserved 1105920K
  class space    used 8720K, capacity 9315K, committed 9432K, reserved 1048576K
GC Heap History (10 events):
Event: 8.697 GC heap before
{Heap before GC invocations=15 (full 2):
 PSYoungGen      total 103936K, used 103499K [0x00000000d5580000, 0x00000000dd280000, 0x0000000100000000)
  eden space 96768K, 100% used [0x00000000d5580000,0x00000000db400000,0x00000000db400000)
  from space 7168K, 93% used [0x00000000dcb80000,0x00000000dd212f20,0x00000000dd280000)
  to   space 11264K, 0% used [0x00000000dbc80000,0x00000000dbc80000,0x00000000dc780000)
 ParOldGen       total 83968K, used 16176K [0x0000000080000000, 0x0000000085200000, 0x00000000d5580000)
  object space 83968K, 19% used [0x0000000080000000,0x0000000080fcc288,0x0000000085200000)
 Metaspace       used 40603K, capacity 42638K, committed 42840K, reserved 1085440K
  class space    used 5713K, capacity 6162K, committed 6232K, reserved 1048576K
Event: 8.706 GC heap after
Heap after GC invocations=15 (full 2):
 PSYoungGen      total 116736K, used 10876K [0x00000000d5580000, 0x00000000de380000, 0x0000000100000000)
  eden space 105472K, 0% used [0x00000000d5580000,0x00000000d5580000,0x00000000dbc80000)
  from space 11264K, 96% used [0x00000000dbc80000,0x00000000dc71f0c8,0x00000000dc780000)
  to   space 12288K, 0% used [0x00000000dd780000,0x00000000dd780000,0x00000000de380000)
 ParOldGen       total 83968K, used 16184K [0x0000000080000000, 0x0000000085200000, 0x00000000d5580000)
  object space 83968K, 19% used [0x0000000080000000,0x0000000080fce288,0x0000000085200000)
 Metaspace       used 40603K, capacity 42638K, committed 42840K, reserved 1085440K
  class space    used 5713K, capacity 6162K, committed 6232K, reserved 1048576K
}
Event: 10.431 GC heap before
{Heap before GC invocations=16 (full 2):
 PSYoungGen      total 116736K, used 116348K [0x00000000d5580000, 0x00000000de380000, 0x0000000100000000)
  eden space 105472K, 100% used [0x00000000d5580000,0x00000000dbc80000,0x00000000dbc80000)
  from space 11264K, 96% used [0x00000000dbc80000,0x00000000dc71f0c8,0x00000000dc780000)
  to   space 12288K, 0% used [0x00000000dd780000,0x00000000dd780000,0x00000000de380000)
 ParOldGen       total 83968K, used 16184K [0x0000000080000000, 0x0000000085200000, 0x00000000d5580000)
  object space 83968K, 19% used [0x0000000080000000,0x0000000080fce288,0x0000000085200000)
 Metaspace       used 51158K, capacity 53456K, committed 53720K, reserved 1095680K
  class space    used 7094K, capacity 7574K, committed 7640K, reserved 1048576K
Event: 10.447 GC heap after
Heap after GC invocations=16 (full 2):
 PSYoungGen      total 128512K, used 12278K [0x00000000d5580000, 0x00000000df580000, 0x0000000100000000)
  eden space 116224K, 0% used [0x00000000d5580000,0x00000000d5580000,0x00000000dc700000)
  from space 12288K, 99% used [0x00000000dd780000,0x00000000de37dae0,0x00000000de380000)
  to   space 16896K, 0% used [0x00000000dc700000,0x00000000dc700000,0x00000000dd780000)
 ParOldGen       total 83968K, used 24528K [0x0000000080000000, 0x0000000085200000, 0x00000000d5580000)
  object space 83968K, 29% used [0x0000000080000000,0x00000000817f4370,0x0000000085200000)
 Metaspace       used 51158K, capacity 53456K, committed 53720K, reserved 1095680K
  class space    used 7094K, capacity 7574K, committed 7640K, reserved 1048576K
}
Event: 11.282 GC heap before
{Heap before GC invocations=17 (full 2):
 PSYoungGen      total 128512K, used 128502K [0x00000000d5580000, 0x00000000df580000, 0x0000000100000000)
  eden space 116224K, 100% used [0x00000000d5580000,0x00000000dc700000,0x00000000dc700000)
  from space 12288K, 99% used [0x00000000dd780000,0x00000000de37dae0,0x00000000de380000)
  to   space 16896K, 0% used [0x00000000dc700000,0x00000000dc700000,0x00000000dd780000)
 ParOldGen       total 83968K, used 24528K [0x0000000080000000, 0x0000000085200000, 0x00000000d5580000)
  object space 83968K, 29% used [0x0000000080000000,0x00000000817f4370,0x0000000085200000)
 Metaspace       used 55081K, capacity 57598K, committed 57816K, reserved 1099776K
  class space    used 7600K, capacity 8135K, committed 8152K, reserved 1048576K
Event: 11.303 GC heap after
Heap after GC invocations=17 (full 2):
 PSYoungGen      total 133120K, used 16047K [0x00000000d5580000, 0x00000000e0a00000, 0x0000000100000000)
  eden space 116224K, 0% used [0x00000000d5580000,0x00000000d5580000,0x00000000dc700000)
  from space 16896K, 94% used [0x00000000dc700000,0x00000000dd6abd18,0x00000000dd780000)
  to   space 19456K, 0% used [0x00000000df700000,0x00000000df700000,0x00000000e0a00000)
 ParOldGen       total 83968K, used 31832K [0x0000000080000000, 0x0000000085200000, 0x00000000d5580000)
  object space 83968K, 37% used [0x0000000080000000,0x0000000081f16290,0x0000000085200000)
 Metaspace       used 55081K, capacity 57598K, committed 57816K, reserved 1099776K
  class space    used 7600K, capacity 8135K, committed 8152K, reserved 1048576K
}
Event: 11.479 GC heap before
{Heap before GC invocations=18 (full 2):
 PSYoungGen      total 133120K, used 31197K [0x00000000d5580000, 0x00000000e0a00000, 0x0000000100000000)
  eden space 116224K, 13% used [0x00000000d5580000,0x00000000d644b9b0,0x00000000dc700000)
  from space 16896K, 94% used [0x00000000dc700000,0x00000000dd6abd18,0x00000000dd780000)
  to   space 19456K, 0% used [0x00000000df700000,0x00000000df700000,0x00000000e0a00000)
 ParOldGen       total 83968K, used 31832K [0x0000000080000000, 0x0000000085200000, 0x00000000d5580000)
  object space 83968K, 37% used [0x0000000080000000,0x0000000081f16290,0x0000000085200000)
 Metaspace       used 56408K, capacity 58916K, committed 59028K, reserved 1099776K
  class space    used 7840K, capacity 8362K, committed 8408K, reserved 1048576K
Event: 11.492 GC heap after
Heap after GC invocations=18 (full 2):
 PSYoungGen      total 164352K, used 14750K [0x00000000d5580000, 0x00000000e1580000, 0x0000000100000000)
  eden space 144896K, 0% used [0x00000000d5580000,0x00000000d5580000,0x00000000de300000)
  from space 19456K, 75% used [0x00000000df700000,0x00000000e0567b90,0x00000000e0a00000)
  to   space 20480K, 0% used [0x00000000de300000,0x00000000de300000,0x00000000df700000)
 ParOldGen       total 83968K, used 31832K [0x0000000080000000, 0x0000000085200000, 0x00000000d5580000)
  object space 83968K, 37% used [0x0000000080000000,0x0000000081f16290,0x0000000085200000)
 Metaspace       used 56408K, capacity 58916K, committed 59028K, reserved 1099776K
  class space    used 7840K, capacity 8362K, committed 8408K, reserved 1048576K
}
Event: 11.492 GC heap before
{Heap before GC invocations=19 (full 3):
 PSYoungGen      total 164352K, used 14750K [0x00000000d5580000, 0x00000000e1580000, 0x0000000100000000)
  eden space 144896K, 0% used [0x00000000d5580000,0x00000000d5580000,0x00000000de300000)
  from space 19456K, 75% used [0x00000000df700000,0x00000000e0567b90,0x00000000e0a00000)
  to   space 20480K, 0% used [0x00000000de300000,0x00000000de300000,0x00000000df700000)
 ParOldGen       total 83968K, used 31832K [0x0000000080000000, 0x0000000085200000, 0x00000000d5580000)
  object space 83968K, 37% used [0x0000000080000000,0x0000000081f16290,0x0000000085200000)
 Metaspace       used 56408K, capacity 58916K, committed 59028K, reserved 1099776K
  class space    used 7840K, capacity 8362K, committed 8408K, reserved 1048576K
Event: 11.678 GC heap after
Heap after GC invocations=19 (full 3):
 PSYoungGen      total 164352K, used 0K [0x00000000d5580000, 0x00000000e1580000, 0x0000000100000000)
  eden space 144896K, 0% used [0x00000000d5580000,0x00000000d5580000,0x00000000de300000)
  from space 19456K, 0% used [0x00000000df700000,0x00000000df700000,0x00000000e0a00000)
  to   space 20480K, 0% used [0x00000000de300000,0x00000000de300000,0x00000000df700000)
 ParOldGen       total 83968K, used 41526K [0x0000000080000000, 0x0000000085200000, 0x00000000d5580000)
  object space 83968K, 49% used [0x0000000080000000,0x000000008288d910,0x0000000085200000)
 Metaspace       used 56396K, capacity 58874K, committed 59028K, reserved 1099776K
  class space    used 7836K, capacity 8355K, committed 8408K, reserved 1048576K
}

