# JRE version: Java(TM) SE Runtime Environment (8.0_202-b08) (build 1.8.0_202-b08)
# Java VM: Java HotSpot(TM) 64-Bit Server VM (25.202-b08 mixed mode windows-amd64 compressed oops)
Heap:
 PSYoungGen      total 73216K, used 33052K [0x00000000d5580000, 0x00000000dbb00000, 0x0000000100000000)
  eden space 58880K, 56% used [0x00000000d5580000,0x00000000d75c7250,0x00000000d8f00000)
  from space 14336K, 0% used [0x00000000d8f00000,0x00000000d8f00000,0x00000000d9d00000)
  to   space 14336K, 0% used [0x00000000dad00000,0x00000000dad00000,0x00000000dbb00000)
 ParOldGen       total 115712K, used 33429K [0x0000000080000000, 0x0000000087100000, 0x00000000d5580000)
  object space 115712K, 28% used [0x0000000080000000,0x00000000820a5780,0x0000000087100000)
 Metaspace       used 56993K, capacity 59374K, committed 59736K, reserved 1101824K
  class space    used 7653K, capacity 8158K, committed 8280K, reserved 1048576K
GC Heap History (10 events):
Event: 28.151 GC heap before
{Heap before GC invocations=22 (full 2):
 PSYoungGen      total 51712K, used 49419K [0x00000000d5580000, 0x00000000d9a80000, 0x0000000100000000)
  eden space 41984K, 100% used [0x00000000d5580000,0x00000000d7e80000,0x00000000d7e80000)
  from space 9728K, 76% used [0x00000000d7e80000,0x00000000d85c2c70,0x00000000d8800000)
  to   space 10240K, 0% used [0x00000000d9080000,0x00000000d9080000,0x00000000d9a80000)
 ParOldGen       total 83968K, used 18411K [0x0000000080000000, 0x0000000085200000, 0x00000000d5580000)
  object space 83968K, 21% used [0x0000000080000000,0x00000000811facb8,0x0000000085200000)
 Metaspace       used 45470K, capacity 47764K, committed 47960K, reserved 1091584K
  class space    used 6171K, capacity 6685K, committed 6744K, reserved 1048576K
Event: 28.159 GC heap after
Heap after GC invocations=22 (full 2):
 PSYoungGen      total 59904K, used 8481K [0x00000000d5580000, 0x00000000d9b80000, 0x0000000100000000)
  eden space 49664K, 0% used [0x00000000d5580000,0x00000000d5580000,0x00000000d8600000)
  from space 10240K, 82% used [0x00000000d9080000,0x00000000d98c86b0,0x00000000d9a80000)
  to   space 10752K, 0% used [0x00000000d8600000,0x00000000d8600000,0x00000000d9080000)
 ParOldGen       total 83968K, used 19602K [0x0000000080000000, 0x0000000085200000, 0x00000000d5580000)
  object space 83968K, 23% used [0x0000000080000000,0x0000000081324b68,0x0000000085200000)
 Metaspace       used 45470K, capacity 47764K, committed 47960K, reserved 1091584K
  class space    used 6171K, capacity 6685K, committed 6744K, reserved 1048576K
}
Event: 29.367 GC heap before
{Heap before GC invocations=23 (full 2):
 PSYoungGen      total 59904K, used 58145K [0x00000000d5580000, 0x00000000d9b80000, 0x0000000100000000)
  eden space 49664K, 100% used [0x00000000d5580000,0x00000000d8600000,0x00000000d8600000)
  from space 10240K, 82% used [0x00000000d9080000,0x00000000d98c86b0,0x00000000d9a80000)
  to   space 10752K, 0% used [0x00000000d8600000,0x00000000d8600000,0x00000000d9080000)
 ParOldGen       total 83968K, used 19602K [0x0000000080000000, 0x0000000085200000, 0x00000000d5580000)
  object space 83968K, 23% used [0x0000000080000000,0x0000000081324b68,0x0000000085200000)
 Metaspace       used 51097K, capacity 53456K, committed 53720K, reserved 1095680K
  class space    used 6860K, capacity 7365K, committed 7384K, reserved 1048576K
Event: 29.389 GC heap after
Heap after GC invocations=23 (full 2):
 PSYoungGen      total 60416K, used 10736K [0x00000000d5580000, 0x00000000da980000, 0x0000000100000000)
  eden space 49664K, 0% used [0x00000000d5580000,0x00000000d5580000,0x00000000d8600000)
  from space 10752K, 99% used [0x00000000d8600000,0x00000000d907c3a8,0x00000000d9080000)
  to   space 12800K, 0% used [0x00000000d9d00000,0x00000000d9d00000,0x00000000da980000)
 ParOldGen       total 83968K, used 21732K [0x0000000080000000, 0x0000000085200000, 0x00000000d5580000)
  object space 83968K, 25% used [0x0000000080000000,0x0000000081539050,0x0000000085200000)
 Metaspace       used 51097K, capacity 53456K, committed 53720K, reserved 1095680K
  class space    used 6860K, capacity 7365K, committed 7384K, reserved 1048576K
}
Event: 30.685 GC heap before
{Heap before GC invocations=24 (full 2):
 PSYoungGen      total 60416K, used 60400K [0x00000000d5580000, 0x00000000da980000, 0x0000000100000000)
  eden space 49664K, 100% used [0x00000000d5580000,0x00000000d8600000,0x00000000d8600000)
  from space 10752K, 99% used [0x00000000d8600000,0x00000000d907c3a8,0x00000000d9080000)
  to   space 12800K, 0% used [0x00000000d9d00000,0x00000000d9d00000,0x00000000da980000)
 ParOldGen       total 83968K, used 21732K [0x0000000080000000, 0x0000000085200000, 0x00000000d5580000)
  object space 83968K, 25% used [0x0000000080000000,0x0000000081539050,0x0000000085200000)
 Metaspace       used 55335K, capacity 57868K, committed 58200K, reserved 1099776K
  class space    used 7466K, capacity 7994K, committed 8024K, reserved 1048576K
Event: 30.703 GC heap after
Heap after GC invocations=24 (full 2):
 PSYoungGen      total 71680K, used 11324K [0x00000000d5580000, 0x00000000dad00000, 0x0000000100000000)
  eden space 58880K, 0% used [0x00000000d5580000,0x00000000d5580000,0x00000000d8f00000)
  from space 12800K, 88% used [0x00000000d9d00000,0x00000000da80f270,0x00000000da980000)
  to   space 14336K, 0% used [0x00000000d8f00000,0x00000000d8f00000,0x00000000d9d00000)
 ParOldGen       total 83968K, used 24434K [0x0000000080000000, 0x0000000085200000, 0x00000000d5580000)
  object space 83968K, 29% used [0x0000000080000000,0x00000000817dc9a0,0x0000000085200000)
 Metaspace       used 55335K, capacity 57868K, committed 58200K, reserved 1099776K
  class space    used 7466K, capacity 7994K, committed 8024K, reserved 1048576K
}
Event: 31.000 GC heap before
{Heap before GC invocations=25 (full 2):
 PSYoungGen      total 71680K, used 25720K [0x00000000d5580000, 0x00000000dad00000, 0x0000000100000000)
  eden space 58880K, 24% used [0x00000000d5580000,0x00000000d638ee88,0x00000000d8f00000)
  from space 12800K, 88% used [0x00000000d9d00000,0x00000000da80f270,0x00000000da980000)
  to   space 14336K, 0% used [0x00000000d8f00000,0x00000000d8f00000,0x00000000d9d00000)
 ParOldGen       total 83968K, used 24434K [0x0000000080000000, 0x0000000085200000, 0x00000000d5580000)
  object space 83968K, 29% used [0x0000000080000000,0x00000000817dc9a0,0x0000000085200000)
 Metaspace       used 56406K, capacity 58896K, committed 59028K, reserved 1099776K
  class space    used 7562K, capacity 8070K, committed 8152K, reserved 1048576K
Event: 31.015 GC heap after
Heap after GC invocations=25 (full 2):
 PSYoungGen      total 73216K, used 9546K [0x00000000d5580000, 0x00000000dbb00000, 0x0000000100000000)
  eden space 58880K, 0% used [0x00000000d5580000,0x00000000d5580000,0x00000000d8f00000)
  from space 14336K, 66% used [0x00000000d8f00000,0x00000000d9852b20,0x00000000d9d00000)
  to   space 14336K, 0% used [0x00000000dad00000,0x00000000dad00000,0x00000000dbb00000)
 ParOldGen       total 83968K, used 27406K [0x0000000080000000, 0x0000000085200000, 0x00000000d5580000)
  object space 83968K, 32% used [0x0000000080000000,0x0000000081ac39e0,0x0000000085200000)
 Metaspace       used 56406K, capacity 58896K, committed 59028K, reserved 1099776K
  class space    used 7562K, capacity 8070K, committed 8152K, reserved 1048576K
}
Event: 31.015 GC heap before
{Heap before GC invocations=26 (full 3):
 PSYoungGen      total 73216K, used 9546K [0x00000000d5580000, 0x00000000dbb00000, 0x0000000100000000)
  eden space 58880K, 0% used [0x00000000d5580000,0x00000000d5580000,0x00000000d8f00000)
  from space 14336K, 66% used [0x00000000d8f00000,0x00000000d9852b20,0x00000000d9d00000)
  to   space 14336K, 0% used [0x00000000dad00000,0x00000000dad00000,0x00000000dbb00000)
 ParOldGen       total 83968K, used 27406K [0x0000000080000000, 0x0000000085200000, 0x00000000d5580000)
  object space 83968K, 32% used [0x0000000080000000,0x0000000081ac39e0,0x0000000085200000)
 Metaspace       used 56406K, capacity 58896K, committed 59028K, reserved 1099776K
  class space    used 7562K, capacity 8070K, committed 8152K, reserved 1048576K
Event: 31.211 GC heap after
Heap after GC invocations=26 (full 3):
 PSYoungGen      total 73216K, used 0K [0x00000000d5580000, 0x00000000dbb00000, 0x0000000100000000)
  eden space 58880K, 0% used [0x00000000d5580000,0x00000000d5580000,0x00000000d8f00000)
  from space 14336K, 0% used [0x00000000d8f00000,0x00000000d8f00000,0x00000000d9d00000)
  to   space 14336K, 0% used [0x00000000dad00000,0x00000000dad00000,0x00000000dbb00000)
 ParOldGen       total 115712K, used 33429K [0x0000000080000000, 0x0000000087100000, 0x00000000d5580000)
  object space 115712K, 28% used [0x0000000080000000,0x00000000820a5780,0x0000000087100000)
 Metaspace       used 56230K, capacity 58470K, committed 59028K, reserved 1099776K
  class space    used 7514K, capacity 7939K, committed 8152K, reserved 1048576K
}

