# JRE version: Java(TM) SE Runtime Environment (8.0_202-b08) (build 1.8.0_202-b08)
# Java VM: Java HotSpot(TM) 64-Bit Server VM (25.202-b08 mixed mode windows-amd64 compressed oops)
Heap:
 PSYoungGen      total 41472K, used 13061K [0x00000000d5580000, 0x00000000d9d80000, 0x0000000100000000)
  eden space 31744K, 31% used [0x00000000d5580000,0x00000000d5f533a8,0x00000000d7480000)
  from space 9728K, 30% used [0x00000000d7e80000,0x00000000d816e440,0x00000000d8800000)
  to   space 10240K, 0% used [0x00000000d7480000,0x00000000d7480000,0x00000000d7e80000)
 ParOldGen       total 53760K, used 7989K [0x0000000080000000, 0x0000000083480000, 0x00000000d5580000)
  object space 53760K, 14% used [0x0000000080000000,0x00000000807cd750,0x0000000083480000)
 Metaspace       used 22461K, capacity 23350K, committed 23552K, reserved 1069056K
  class space    used 3341K, capacity 3567K, committed 3584K, reserved 1048576K
GC Heap History (10 events):
Event: 16.136 GC heap before
{Heap before GC invocations=5 (full 0):
 PSYoungGen      total 37888K, used 37856K [0x00000000d5580000, 0x00000000d7f80000, 0x0000000100000000)
  eden space 32768K, 100% used [0x00000000d5580000,0x00000000d7580000,0x00000000d7580000)
  from space 5120K, 99% used [0x00000000d7a80000,0x00000000d7f78020,0x00000000d7f80000)
  to   space 5120K, 0% used [0x00000000d7580000,0x00000000d7580000,0x00000000d7a80000)
 ParOldGen       total 86016K, used 3142K [0x0000000080000000, 0x0000000085400000, 0x00000000d5580000)
  object space 86016K, 3% used [0x0000000080000000,0x0000000080311988,0x0000000085400000)
 Metaspace       used 16916K, capacity 17472K, committed 17792K, reserved 1064960K
  class space    used 2445K, capacity 2610K, committed 2688K, reserved 1048576K
Event: 16.147 GC heap after
Heap after GC invocations=5 (full 0):
 PSYoungGen      total 37376K, used 5104K [0x00000000d5580000, 0x00000000d8800000, 0x0000000100000000)
  eden space 32256K, 0% used [0x00000000d5580000,0x00000000d5580000,0x00000000d7500000)
  from space 5120K, 99% used [0x00000000d7580000,0x00000000d7a7c010,0x00000000d7a80000)
  to   space 9728K, 0% used [0x00000000d7e80000,0x00000000d7e80000,0x00000000d8800000)
 ParOldGen       total 86016K, used 6207K [0x0000000080000000, 0x0000000085400000, 0x00000000d5580000)
  object space 86016K, 7% used [0x0000000080000000,0x000000008060fdd8,0x0000000085400000)
 Metaspace       used 16916K, capacity 17472K, committed 17792K, reserved 1064960K
  class space    used 2445K, capacity 2610K, committed 2688K, reserved 1048576K
}
Event: 17.040 GC heap before
{Heap before GC invocations=6 (full 0):
 PSYoungGen      total 37376K, used 37360K [0x00000000d5580000, 0x00000000d8800000, 0x0000000100000000)
  eden space 32256K, 100% used [0x00000000d5580000,0x00000000d7500000,0x00000000d7500000)
  from space 5120K, 99% used [0x00000000d7580000,0x00000000d7a7c010,0x00000000d7a80000)
  to   space 9728K, 0% used [0x00000000d7e80000,0x00000000d7e80000,0x00000000d8800000)
 ParOldGen       total 86016K, used 6207K [0x0000000080000000, 0x0000000085400000, 0x00000000d5580000)
  object space 86016K, 7% used [0x0000000080000000,0x000000008060fdd8,0x0000000085400000)
 Metaspace       used 19205K, capacity 19928K, committed 20224K, reserved 1067008K
  class space    used 2794K, capacity 2994K, committed 3072K, reserved 1048576K
Event: 17.051 GC heap after
Heap after GC invocations=6 (full 0):
 PSYoungGen      total 40960K, used 8244K [0x00000000d5580000, 0x00000000d8980000, 0x0000000100000000)
  eden space 31232K, 0% used [0x00000000d5580000,0x00000000d5580000,0x00000000d7400000)
  from space 9728K, 84% used [0x00000000d7e80000,0x00000000d868d020,0x00000000d8800000)
  to   space 10752K, 0% used [0x00000000d7400000,0x00000000d7400000,0x00000000d7e80000)
 ParOldGen       total 86016K, used 6215K [0x0000000080000000, 0x0000000085400000, 0x00000000d5580000)
  object space 86016K, 7% used [0x0000000080000000,0x0000000080611dd8,0x0000000085400000)
 Metaspace       used 19205K, capacity 19928K, committed 20224K, reserved 1067008K
  class space    used 2794K, capacity 2994K, committed 3072K, reserved 1048576K
}
Event: 17.436 GC heap before
{Heap before GC invocations=7 (full 0):
 PSYoungGen      total 40960K, used 22522K [0x00000000d5580000, 0x00000000d8980000, 0x0000000100000000)
  eden space 31232K, 45% used [0x00000000d5580000,0x00000000d6371ae0,0x00000000d7400000)
  from space 9728K, 84% used [0x00000000d7e80000,0x00000000d868d020,0x00000000d8800000)
  to   space 10752K, 0% used [0x00000000d7400000,0x00000000d7400000,0x00000000d7e80000)
 ParOldGen       total 86016K, used 6215K [0x0000000080000000, 0x0000000085400000, 0x00000000d5580000)
  object space 86016K, 7% used [0x0000000080000000,0x0000000080611dd8,0x0000000085400000)
 Metaspace       used 20335K, capacity 21106K, committed 21248K, reserved 1067008K
  class space    used 2986K, capacity 3205K, committed 3328K, reserved 1048576K
Event: 17.447 GC heap after
Heap after GC invocations=7 (full 0):
 PSYoungGen      total 41984K, used 5014K [0x00000000d5580000, 0x00000000d8980000, 0x0000000100000000)
  eden space 31232K, 0% used [0x00000000d5580000,0x00000000d5580000,0x00000000d7400000)
  from space 10752K, 46% used [0x00000000d7400000,0x00000000d78e58b0,0x00000000d7e80000)
  to   space 9728K, 0% used [0x00000000d7e80000,0x00000000d7e80000,0x00000000d8800000)
 ParOldGen       total 86016K, used 8783K [0x0000000080000000, 0x0000000085400000, 0x00000000d5580000)
  object space 86016K, 10% used [0x0000000080000000,0x0000000080893e28,0x0000000085400000)
 Metaspace       used 20335K, capacity 21106K, committed 21248K, reserved 1067008K
  class space    used 2986K, capacity 3205K, committed 3328K, reserved 1048576K
}
Event: 17.447 GC heap before
{Heap before GC invocations=8 (full 1):
 PSYoungGen      total 41984K, used 5014K [0x00000000d5580000, 0x00000000d8980000, 0x0000000100000000)
  eden space 31232K, 0% used [0x00000000d5580000,0x00000000d5580000,0x00000000d7400000)
  from space 10752K, 46% used [0x00000000d7400000,0x00000000d78e58b0,0x00000000d7e80000)
  to   space 9728K, 0% used [0x00000000d7e80000,0x00000000d7e80000,0x00000000d8800000)
 ParOldGen       total 86016K, used 8783K [0x0000000080000000, 0x0000000085400000, 0x00000000d5580000)
  object space 86016K, 10% used [0x0000000080000000,0x0000000080893e28,0x0000000085400000)
 Metaspace       used 20335K, capacity 21106K, committed 21248K, reserved 1067008K
  class space    used 2986K, capacity 3205K, committed 3328K, reserved 1048576K
Event: 17.515 GC heap after
Heap after GC invocations=8 (full 1):
 PSYoungGen      total 41984K, used 0K [0x00000000d5580000, 0x00000000d8980000, 0x0000000100000000)
  eden space 31232K, 0% used [0x00000000d5580000,0x00000000d5580000,0x00000000d7400000)
  from space 10752K, 0% used [0x00000000d7400000,0x00000000d7400000,0x00000000d7e80000)
  to   space 9728K, 0% used [0x00000000d7e80000,0x00000000d7e80000,0x00000000d8800000)
 ParOldGen       total 53760K, used 7981K [0x0000000080000000, 0x0000000083480000, 0x00000000d5580000)
  object space 53760K, 14% used [0x0000000080000000,0x00000000807cb750,0x0000000083480000)
 Metaspace       used 20335K, capacity 21106K, committed 21248K, reserved 1067008K
  class space    used 2986K, capacity 3205K, committed 3328K, reserved 1048576K
}
Event: 19.026 GC heap before
{Heap before GC invocations=9 (full 1):
 PSYoungGen      total 41984K, used 31232K [0x00000000d5580000, 0x00000000d8980000, 0x0000000100000000)
  eden space 31232K, 100% used [0x00000000d5580000,0x00000000d7400000,0x00000000d7400000)
  from space 10752K, 0% used [0x00000000d7400000,0x00000000d7400000,0x00000000d7e80000)
  to   space 9728K, 0% used [0x00000000d7e80000,0x00000000d7e80000,0x00000000d8800000)
 ParOldGen       total 53760K, used 7981K [0x0000000080000000, 0x0000000083480000, 0x00000000d5580000)
  object space 53760K, 14% used [0x0000000080000000,0x00000000807cb750,0x0000000083480000)
 Metaspace       used 21984K, capacity 22856K, committed 23040K, reserved 1069056K
  class space    used 3271K, capacity 3518K, committed 3584K, reserved 1048576K
Event: 19.029 GC heap after
Heap after GC invocations=9 (full 1):
 PSYoungGen      total 41472K, used 3001K [0x00000000d5580000, 0x00000000d9d80000, 0x0000000100000000)
  eden space 31744K, 0% used [0x00000000d5580000,0x00000000d5580000,0x00000000d7480000)
  from space 9728K, 30% used [0x00000000d7e80000,0x00000000d816e440,0x00000000d8800000)
  to   space 10240K, 0% used [0x00000000d7480000,0x00000000d7480000,0x00000000d7e80000)
 ParOldGen       total 53760K, used 7989K [0x0000000080000000, 0x0000000083480000, 0x00000000d5580000)
  object space 53760K, 14% used [0x0000000080000000,0x00000000807cd750,0x0000000083480000)
 Metaspace       used 21984K, capacity 22856K, committed 23040K, reserved 1069056K
  class space    used 3271K, capacity 3518K, committed 3584K, reserved 1048576K
}

